<?xml version="1.0" encoding="UTF-8"?>
<testng-results total="1" passed="1" failed="0" skipped="0">
  <reporter-output>
  </reporter-output>
  <suite started-at="2023-09-27T05:05:19Z" name="test.com.itexps.CostcoTest" finished-at="2023-09-27T05:05:47Z" duration-ms="27107">
    <groups>
    </groups>
    <test started-at="2023-09-27T05:05:19Z" name="Command line test" finished-at="2023-09-27T05:05:47Z" duration-ms="27107">
      <class name="test.com.itexps.CostcoTest">
        <test-method is-config="true" signature="setUpClass()[pri:0, instance:test.com.itexps.CostcoTest@5bb21b69]" started-at="2023-09-27T00:05:19Z" name="setUpClass" finished-at="2023-09-27T00:05:20Z" duration-ms="5" status="PASS">
          <reporter-output>
          </reporter-output>
        </test-method> <!-- setUpClass -->
        <test-method is-config="true" signature="setUpMethod()[pri:0, instance:test.com.itexps.CostcoTest@5bb21b69]" started-at="2023-09-27T00:05:20Z" name="setUpMethod" finished-at="2023-09-27T00:05:21Z" duration-ms="1326" status="PASS">
          <reporter-output>
          </reporter-output>
        </test-method> <!-- setUpMethod -->
        <test-method signature="testCostcoLoginTestcase()[pri:0, instance:test.com.itexps.CostcoTest@5bb21b69]" started-at="2023-09-27T00:05:21Z" name="testCostcoLoginTestcase" finished-at="2023-09-27T00:05:47Z" duration-ms="25768" status="PASS">
          <reporter-output>
          </reporter-output>
        </test-method> <!-- testCostcoLoginTestcase -->
        <test-method is-config="true" signature="tearDownMethod()[pri:0, instance:test.com.itexps.CostcoTest@5bb21b69]" started-at="2023-09-27T00:05:47Z" name="tearDownMethod" finished-at="2023-09-27T00:05:47Z" duration-ms="1" status="PASS">
          <reporter-output>
          </reporter-output>
        </test-method> <!-- tearDownMethod -->
        <test-method is-config="true" signature="tearDownClass()[pri:0, instance:test.com.itexps.CostcoTest@5bb21b69]" started-at="2023-09-27T00:05:47Z" name="tearDownClass" finished-at="2023-09-27T00:05:47Z" duration-ms="0" status="PASS">
          <reporter-output>
          </reporter-output>
        </test-method> <!-- tearDownClass -->
      </class> <!-- test.com.itexps.CostcoTest -->
    </test> <!-- Command line test -->
  </suite> <!-- test.com.itexps.CostcoTest -->
</testng-results>
